{
  "stats": {
    "suites": 1,
    "tests": 1,
    "passes": 1,
    "pending": 0,
    "failures": 0,
    "start": "2024-12-30T06:49:08.410Z",
    "end": "2024-12-30T06:49:47.827Z",
    "duration": 39417,
    "testsRegistered": 1,
    "passPercent": 100,
    "pendingPercent": 0,
    "other": 0,
    "hasOther": false,
    "skipped": 0,
    "hasSkipped": false
  },
  "results": [
    {
      "uuid": "d89ff9c7-c886-4cda-a34b-c9a938f51cad",
      "title": "",
      "fullFile": "cypress\\e2e\\smoketest\\conditionalTesting.cy.js",
      "file": "cypress\\e2e\\smoketest\\conditionalTesting.cy.js",
      "beforeHooks": [],
      "afterHooks": [],
      "tests": [],
      "suites": [
        {
          "uuid": "82424b50-8f46-48d7-ba1d-173528ea40d5",
          "title": "Demo Conditional testing",
          "fullFile": "",
          "file": "",
          "beforeHooks": [],
          "afterHooks": [],
          "tests": [
            {
              "title": "Check that if your wikivoyoge in page,then click on it and validate(goto if)",
              "fullTitle": "Demo Conditional testing Check that if your wikivoyoge in page,then click on it and validate(goto if)",
              "timedOut": null,
              "duration": 35988,
              "state": "passed",
              "speed": "slow",
              "pass": true,
              "fail": false,
              "pending": false,
              "context": "{\n  \"title\": \"cypress-mochawesome-reporter-videos-passed\",\n  \"value\": \"cypress\\\\e2e\\\\smoketest\\\\conditionalTesting.cy.js\"\n}",
              "code": "cy.wait(3000);\ncy.get('body').then(body => {\n  if (body.find('[data-jsl10n=\"wikivoyage.name\"]').length > 0) {\n    cy.get('[data-jsl10n=\"wikivoyage.name\"]').click();\n    cy.wait(3000);\n    cy.origin('https://www.wikivoyage.org/', () => {\n      // cy.title().should('eq', 'wikivoyage')\n    });\n  } else {\n    cy.get('[data-jsl10n=\"wiktionary.name\"]').click();\n    cy.wait(3000);\n    cy.origin('https://www.wiktionary.org/', () => {\n      //cy.title().should('eq', 'wiktionary')\n    });\n  }\n});",
              "err": {},
              "uuid": "e534a0b6-6add-4f95-b8cd-84c93fa9fe6b",
              "parentUUID": "82424b50-8f46-48d7-ba1d-173528ea40d5",
              "isHook": false,
              "skipped": false
            }
          ],
          "suites": [],
          "passes": [
            "e534a0b6-6add-4f95-b8cd-84c93fa9fe6b"
          ],
          "failures": [],
          "pending": [],
          "skipped": [],
          "duration": 35988,
          "root": false,
          "rootEmpty": false,
          "_timeout": 2000
        }
      ],
      "passes": [],
      "failures": [],
      "pending": [],
      "skipped": [],
      "duration": 0,
      "root": true,
      "rootEmpty": true,
      "_timeout": 2000
    }
  ],
  "meta": {
    "mocha": {
      "version": "7.0.1"
    },
    "mochawesome": {
      "options": {
        "quiet": false,
        "reportFilename": "mochawesome",
        "saveHtml": false,
        "saveJson": true,
        "consoleReporter": "spec",
        "useInlineDiffs": false,
        "code": true
      },
      "version": "7.1.3"
    },
    "marge": {
      "options": {
        "charts": true,
        "reportPageTitle": "Orange HRM Test result",
        "embeddedScreenshots": true,
        "inlineAssets": true,
        "saveAllAttempts": true,
        "overwrite": false,
        "html": false,
        "json": true,
        "reportDir": "cypress\\reports\\html\\.jsons"
      },
      "version": "6.2.0"
    }
  }
}