{
  "stats": {
    "suites": 1,
    "tests": 1,
    "passes": 0,
    "pending": 0,
    "failures": 1,
    "start": "2024-12-30T06:49:50.607Z",
    "end": "2024-12-30T06:50:12.318Z",
    "duration": 21711,
    "testsRegistered": 2,
    "passPercent": 0,
    "pendingPercent": 0,
    "other": 0,
    "hasOther": false,
    "skipped": 1,
    "hasSkipped": true
  },
  "results": [
    {
      "uuid": "a5737dad-7b3d-4721-812f-dd00226bb6df",
      "title": "",
      "fullFile": "cypress\\e2e\\smoketest\\csession.cy.js",
      "file": "cypress\\e2e\\smoketest\\csession.cy.js",
      "beforeHooks": [],
      "afterHooks": [],
      "tests": [],
      "suites": [
        {
          "uuid": "0f2fde98-771f-4a39-8a6e-fe6a7f211230",
          "title": "Validate Orange HRM Login functionality",
          "fullFile": "",
          "file": "",
          "beforeHooks": [],
          "afterHooks": [],
          "tests": [
            {
              "title": "validate Add job title",
              "fullTitle": "Validate Orange HRM Login functionality validate Add job title",
              "timedOut": null,
              "duration": 21291,
              "state": "failed",
              "speed": null,
              "pass": false,
              "fail": true,
              "pending": false,
              "context": "{\n  \"title\": \"cypress-mochawesome-reporter-videos-failed\",\n  \"value\": \"cypress\\\\e2e\\\\smoketest\\\\csession.cy.js\"\n}",
              "code": "cy.visit('/web/index.php/admin/viewJobTitleList');\n//let r=(Math.random() + 1).toString(36).substring(7);\n//cy.get('input[class=\"oxd-input oxd-input--active\"]').eq(1).type(\"Senior Analyst\"+r)\n// cy.get('button[type=\"submit\"]').click()",
              "err": {
                "message": "CypressError: `cy.visit()` failed trying to load:\n\nhttps://opensource-demo.orangehrmlive.com/web/index.php/auth/login\n\nWe attempted to make an http request to this URL but the request failed without a response.\n\nWe received this error at the network level:\n\n  > Error: connect ETIMEDOUT 34.205.40.6:443\n\nCommon situations why this would fail:\n  - you don't have internet access\n  - you forgot to run / boot your web server\n  - your web server isn't accessible\n  - you have weird network configuration settings on your computer\n\nThis error occurred while creating the session. Because the session setup failed, we failed the test.\n\nBecause this error occurred during a `before each` hook we are skipping the remaining tests in the current suite: `Validate Orange HRM Login f...`",
                "estack": "CypressError: `cy.visit()` failed trying to load:\n\nhttps://opensource-demo.orangehrmlive.com/web/index.php/auth/login\n\nWe attempted to make an http request to this URL but the request failed without a response.\n\nWe received this error at the network level:\n\n  > Error: connect ETIMEDOUT 34.205.40.6:443\n\nCommon situations why this would fail:\n  - you don't have internet access\n  - you forgot to run / boot your web server\n  - your web server isn't accessible\n  - you have weird network configuration settings on your computer\n\nThis error occurred while creating the session. Because the session setup failed, we failed the test.\n\nBecause this error occurred during a `before each` hook we are skipping the remaining tests in the current suite: `Validate Orange HRM Login f...`\n    at <unknown> (https://opensource-demo.orangehrmlive.com/__cypress/runner/cypress_runner.js:131650:74)\n    at visitFailedByErr (https://opensource-demo.orangehrmlive.com/__cypress/runner/cypress_runner.js:131049:12)\n    at <unknown> (https://opensource-demo.orangehrmlive.com/__cypress/runner/cypress_runner.js:131649:11)\n    at tryCatcher (https://opensource-demo.orangehrmlive.com/__cypress/runner/cypress_runner.js:1807:23)\n    at Promise._settlePromiseFromHandler (https://opensource-demo.orangehrmlive.com/__cypress/runner/cypress_runner.js:1519:31)\n    at Promise._settlePromise (https://opensource-demo.orangehrmlive.com/__cypress/runner/cypress_runner.js:1576:18)\n    at Promise._settlePromise0 (https://opensource-demo.orangehrmlive.com/__cypress/runner/cypress_runner.js:1621:10)\n    at Promise._settlePromises (https://opensource-demo.orangehrmlive.com/__cypress/runner/cypress_runner.js:1697:18)\n    at _drainQueueStep (https://opensource-demo.orangehrmlive.com/__cypress/runner/cypress_runner.js:2407:12)\n    at _drainQueue (https://opensource-demo.orangehrmlive.com/__cypress/runner/cypress_runner.js:2400:9)\n    at Async._drainQueues (https://opensource-demo.orangehrmlive.com/__cypress/runner/cypress_runner.js:2416:5)\n    at Async.drainQueues (https://opensource-demo.orangehrmlive.com/__cypress/runner/cypress_runner.js:2286:14)\nFrom Your Spec Code:\n    at Context.eval (webpack://cypressautomation/./cypress/support/commands.js:34:7)\n\nFrom Node.js Internals:\n  Error: connect ETIMEDOUT 34.205.40.6:443\n      at TCPConnectWrap.afterConnect [as oncomplete] (node:net:1495:16)",
                "diff": null
              },
              "uuid": "38acf3cd-c580-41d1-8832-63c48e179dc5",
              "parentUUID": "0f2fde98-771f-4a39-8a6e-fe6a7f211230",
              "isHook": false,
              "skipped": false
            },
            {
              "title": "validate Add employee",
              "fullTitle": "Validate Orange HRM Login functionality validate Add employee",
              "timedOut": null,
              "duration": 0,
              "state": "skipped",
              "speed": null,
              "pass": false,
              "fail": false,
              "pending": false,
              "context": null,
              "code": "cy.visit('https://opensource-demo.orangehrmlive.com/web/index.php/pim/addEmployee');\ncy.addEmployee(\"Raju\", \"G\");",
              "err": {},
              "uuid": "2fd97a8b-60af-428a-bfce-79d9f199be68",
              "parentUUID": "0f2fde98-771f-4a39-8a6e-fe6a7f211230",
              "isHook": false,
              "skipped": true
            }
          ],
          "suites": [],
          "passes": [],
          "failures": [
            "38acf3cd-c580-41d1-8832-63c48e179dc5"
          ],
          "pending": [],
          "skipped": [
            "2fd97a8b-60af-428a-bfce-79d9f199be68"
          ],
          "duration": 21291,
          "root": false,
          "rootEmpty": false,
          "_timeout": 2000
        }
      ],
      "passes": [],
      "failures": [],
      "pending": [],
      "skipped": [],
      "duration": 0,
      "root": true,
      "rootEmpty": true,
      "_timeout": 2000
    }
  ],
  "meta": {
    "mocha": {
      "version": "7.0.1"
    },
    "mochawesome": {
      "options": {
        "quiet": false,
        "reportFilename": "mochawesome",
        "saveHtml": false,
        "saveJson": true,
        "consoleReporter": "spec",
        "useInlineDiffs": false,
        "code": true
      },
      "version": "7.1.3"
    },
    "marge": {
      "options": {
        "charts": true,
        "reportPageTitle": "Orange HRM Test result",
        "embeddedScreenshots": true,
        "inlineAssets": true,
        "saveAllAttempts": true,
        "overwrite": false,
        "html": false,
        "json": true,
        "reportDir": "cypress\\reports\\html\\.jsons"
      },
      "version": "6.2.0"
    }
  }
}