{
  "stats": {
    "suites": 1,
    "tests": 4,
    "passes": 3,
    "pending": 0,
    "failures": 1,
    "start": "2024-12-30T06:46:28.051Z",
    "end": "2024-12-30T06:46:59.861Z",
    "duration": 31810,
    "testsRegistered": 4,
    "passPercent": 75,
    "pendingPercent": 0,
    "other": 0,
    "hasOther": false,
    "skipped": 0,
    "hasSkipped": false
  },
  "results": [
    {
      "uuid": "7b79320d-ca4e-48f7-a7b9-14f21ecc295c",
      "title": "",
      "fullFile": "cypress\\e2e\\smoketest\\Alerts.cy.js",
      "file": "cypress\\e2e\\smoketest\\Alerts.cy.js",
      "beforeHooks": [],
      "afterHooks": [],
      "tests": [],
      "suites": [
        {
          "uuid": "14ab17a1-c39d-476f-8888-7d090447094c",
          "title": "Alerts Example",
          "fullFile": "",
          "file": "",
          "beforeHooks": [],
          "afterHooks": [],
          "tests": [
            {
              "title": "Ok Alerts",
              "fullTitle": "Alerts Example Ok Alerts",
              "timedOut": null,
              "duration": 22222,
              "state": "failed",
              "speed": null,
              "pass": false,
              "fail": true,
              "pending": false,
              "context": "{\n  \"title\": \"cypress-mochawesome-reporter-videos-failed\",\n  \"value\": \"cypress\\\\e2e\\\\smoketest\\\\Alerts.cy.js\"\n}",
              "code": "cy.visit('https://the-internet.herokuapp.com/javascript_alerts');\ncy.contains('Click for JS Alert').click();\ncy.on('window.alert', alert => {\n  expect(alert).to.equal(\"I am a JS Alert\");\n  return true;\n});",
              "err": {
                "message": "ReferenceError: The following error originated from your application code, not from Cypress.\n\n  > jQuery is not defined\n\nWhen Cypress detects uncaught errors originating from your application it will automatically fail the current test.\n\nThis behavior is configurable, and you can choose to turn this off by listening to the `uncaught:exception` event.\n\nhttps://on.cypress.io/uncaught-exception-from-application",
                "estack": "ReferenceError: The following error originated from your application code, not from Cypress.\n\n  > jQuery is not defined\n\nWhen Cypress detects uncaught errors originating from your application it will automatically fail the current test.\n\nThis behavior is configurable, and you can choose to turn this off by listening to the `uncaught:exception` event.\n\nhttps://on.cypress.io/uncaught-exception-from-application\n    at <unknown> (https://the-internet.herokuapp.com/js/vendor/jquery-ui-1.11.4/jquery-ui.js:14:12)\n    at <unknown> (https://the-internet.herokuapp.com/js/vendor/jquery-ui-1.11.4/jquery-ui.js:16:2)",
                "diff": null
              },
              "uuid": "4a466c59-eaad-4146-a10a-2fc34f75d1b7",
              "parentUUID": "14ab17a1-c39d-476f-8888-7d090447094c",
              "isHook": false,
              "skipped": false
            },
            {
              "title": "confirm Alerts",
              "fullTitle": "Alerts Example confirm Alerts",
              "timedOut": null,
              "duration": 1881,
              "state": "passed",
              "speed": "fast",
              "pass": true,
              "fail": false,
              "pending": false,
              "context": "{\n  \"title\": \"cypress-mochawesome-reporter-videos-passed\",\n  \"value\": \"cypress\\\\e2e\\\\smoketest\\\\Alerts.cy.js\"\n}",
              "code": "cy.visit('https://the-internet.herokuapp.com/javascript_alerts');\ncy.contains('Click for JS Confirm').click();\ncy.on('window.confirm', alert => {\n  return true;\n});",
              "err": {},
              "uuid": "012e362c-78f8-4e31-bdcd-62fae1e1b0b7",
              "parentUUID": "14ab17a1-c39d-476f-8888-7d090447094c",
              "isHook": false,
              "skipped": false
            },
            {
              "title": "Prompt Alerts to click ok",
              "fullTitle": "Alerts Example Prompt Alerts to click ok",
              "timedOut": null,
              "duration": 537,
              "state": "passed",
              "speed": "fast",
              "pass": true,
              "fail": false,
              "pending": false,
              "context": "{\n  \"title\": \"cypress-mochawesome-reporter-videos-passed\",\n  \"value\": \"cypress\\\\e2e\\\\smoketest\\\\Alerts.cy.js\"\n}",
              "code": "cy.visit('https://the-internet.herokuapp.com/javascript_alerts');\n//cy.contains('Click for JS Prompt').click()\ncy.window().then($win => {\n  cy.stub($win, \"prompt\").returns(\"Raju\");\n  cy.contains('Click for JS Prompt').click();\n});",
              "err": {},
              "uuid": "902ac79c-578d-4acf-bf71-5ed4d49858fa",
              "parentUUID": "14ab17a1-c39d-476f-8888-7d090447094c",
              "isHook": false,
              "skipped": false
            },
            {
              "title": "Prompt Alerts to click cancel",
              "fullTitle": "Alerts Example Prompt Alerts to click cancel",
              "timedOut": null,
              "duration": 518,
              "state": "passed",
              "speed": "fast",
              "pass": true,
              "fail": false,
              "pending": false,
              "context": "{\n  \"title\": \"cypress-mochawesome-reporter-videos-passed\",\n  \"value\": \"cypress\\\\e2e\\\\smoketest\\\\Alerts.cy.js\"\n}",
              "code": "cy.visit('https://the-internet.herokuapp.com/javascript_alerts');\n//cy.contains('Click for JS Prompt').click()\ncy.window().then($win => {\n  cy.stub($win, \"prompt\").callsFake(() => null);\n  cy.contains('Click for JS Prompt').click();\n});",
              "err": {},
              "uuid": "a0c5257d-507b-4252-b257-60dc955cfebd",
              "parentUUID": "14ab17a1-c39d-476f-8888-7d090447094c",
              "isHook": false,
              "skipped": false
            }
          ],
          "suites": [],
          "passes": [
            "012e362c-78f8-4e31-bdcd-62fae1e1b0b7",
            "902ac79c-578d-4acf-bf71-5ed4d49858fa",
            "a0c5257d-507b-4252-b257-60dc955cfebd"
          ],
          "failures": [
            "4a466c59-eaad-4146-a10a-2fc34f75d1b7"
          ],
          "pending": [],
          "skipped": [],
          "duration": 25158,
          "root": false,
          "rootEmpty": false,
          "_timeout": 2000
        }
      ],
      "passes": [],
      "failures": [],
      "pending": [],
      "skipped": [],
      "duration": 0,
      "root": true,
      "rootEmpty": true,
      "_timeout": 2000
    }
  ],
  "meta": {
    "mocha": {
      "version": "7.0.1"
    },
    "mochawesome": {
      "options": {
        "quiet": false,
        "reportFilename": "mochawesome",
        "saveHtml": false,
        "saveJson": true,
        "consoleReporter": "spec",
        "useInlineDiffs": false,
        "code": true
      },
      "version": "7.1.3"
    },
    "marge": {
      "options": {
        "charts": true,
        "reportPageTitle": "Orange HRM Test result",
        "embeddedScreenshots": true,
        "inlineAssets": true,
        "saveAllAttempts": true,
        "overwrite": false,
        "html": false,
        "json": true,
        "reportDir": "cypress\\reports\\html\\.jsons"
      },
      "version": "6.2.0"
    }
  }
}