{
  "stats": {
    "suites": 1,
    "tests": 2,
    "passes": 1,
    "pending": 0,
    "failures": 1,
    "start": "2024-12-30T06:47:02.716Z",
    "end": "2024-12-30T06:47:52.856Z",
    "duration": 50140,
    "testsRegistered": 2,
    "passPercent": 50,
    "pendingPercent": 0,
    "other": 0,
    "hasOther": false,
    "skipped": 0,
    "hasSkipped": false
  },
  "results": [
    {
      "uuid": "849ecc26-5389-4386-acd5-6228db464c82",
      "title": "",
      "fullFile": "cypress\\e2e\\smoketest\\addemployee.cy.js",
      "file": "cypress\\e2e\\smoketest\\addemployee.cy.js",
      "beforeHooks": [],
      "afterHooks": [],
      "tests": [],
      "suites": [
        {
          "uuid": "7733eebf-6d5a-4d5b-ae91-c8367e51c7b1",
          "title": "Verify add employee functionality",
          "fullFile": "",
          "file": "",
          "beforeHooks": [],
          "afterHooks": [],
          "tests": [
            {
              "title": "Verify add employee with mandatory details",
              "fullTitle": "Verify add employee functionality Verify add employee with mandatory details",
              "timedOut": null,
              "duration": 47323,
              "state": "failed",
              "speed": null,
              "pass": false,
              "fail": true,
              "pending": false,
              "context": "{\n  \"title\": \"cypress-mochawesome-reporter-videos-failed\",\n  \"value\": \"cypress\\\\e2e\\\\smoketest\\\\addemployee.cy.js\"\n}",
              "code": "//cy.visit('https://opensource-demo.orangehrmlive.com/web/index.php/auth/login')\ncy.visit('/web/index.php/auth/login');\n// login.loginwithcreds(\"Admin\",\"admin123\")\ncy.get(_loginpage.default.userNameInput()).type(\"username\");\ncy.get(_loginpage.default.passwordInput()).type(\"password\");\ncy.get(_loginpage.default.loginBtn()).click();\ncy.url().should(\"eq\", \"https://opensource-demo.orangehrmlive.com/web/index.php/dashboard/index\");\n//cy.contains(login.loginErrorMessage()).should(\"be.visible\")\ncy.get(_dashboardpage.default.pimMenu()).click();\n//cy.get('#app > div.oxd-layout.orangehrm-upgrade-layout > div.oxd-layout-navigation > aside > nav > div.oxd-sidepanel-body > ul > li:nth-child(2) > a').click()\ncy.contains(_addemployeepage.default.addEmployeeSubMenu()).click();\ncy.get(_addemployeepage.default.firstNameInput()).type('Dhananjay');\ncy.get(_addemployeepage.default.lastNameInput()).type('s');\ncy.get(_addemployeepage.default.saveButton()).click();",
              "err": {
                "message": "AssertionError: Timed out retrying after 20000ms: expected 'https://opensource-demo.orangehrmlive.com/web/index.php/auth/login' to equal 'https://opensource-demo.orangehrmlive.com/web/index.php/dashboard/index'",
                "estack": "AssertionError: Timed out retrying after 20000ms: expected 'https://opensource-demo.orangehrmlive.com/web/index.php/auth/login' to equal 'https://opensource-demo.orangehrmlive.com/web/index.php/dashboard/index'\n    at Context.eval (webpack://cypressautomation/./cypress/e2e/smoketest/addemployee.cy.js:19:13)",
                "diff": "- 'https://opensource-demo.orangehrmlive.com/web/index.php/auth/login'\n+ 'https://opensource-demo.orangehrmlive.com/web/index.php/dashboard/index'\n"
              },
              "uuid": "a0af65d4-82b9-4cf2-b0d8-ec41db40e3fb",
              "parentUUID": "7733eebf-6d5a-4d5b-ae91-c8367e51c7b1",
              "isHook": false,
              "skipped": false
            },
            {
              "title": "Verify logo vissible in login page",
              "fullTitle": "Verify add employee functionality Verify logo vissible in login page",
              "timedOut": null,
              "duration": 2387,
              "state": "passed",
              "speed": "fast",
              "pass": true,
              "fail": false,
              "pending": false,
              "context": "{\n  \"title\": \"cypress-mochawesome-reporter-videos-passed\",\n  \"value\": \"cypress\\\\e2e\\\\smoketest\\\\addemployee.cy.js\"\n}",
              "code": "cy.visit('/web/index.php/auth/login');\ncy.get(_loginpage.default.orangeHRMLogo()).should(\"be.visible\");",
              "err": {},
              "uuid": "48e89189-1600-4c4a-99cd-8303404acfb7",
              "parentUUID": "7733eebf-6d5a-4d5b-ae91-c8367e51c7b1",
              "isHook": false,
              "skipped": false
            }
          ],
          "suites": [],
          "passes": [
            "48e89189-1600-4c4a-99cd-8303404acfb7"
          ],
          "failures": [
            "a0af65d4-82b9-4cf2-b0d8-ec41db40e3fb"
          ],
          "pending": [],
          "skipped": [],
          "duration": 49710,
          "root": false,
          "rootEmpty": false,
          "_timeout": 2000
        }
      ],
      "passes": [],
      "failures": [],
      "pending": [],
      "skipped": [],
      "duration": 0,
      "root": true,
      "rootEmpty": true,
      "_timeout": 2000
    }
  ],
  "meta": {
    "mocha": {
      "version": "7.0.1"
    },
    "mochawesome": {
      "options": {
        "quiet": false,
        "reportFilename": "mochawesome",
        "saveHtml": false,
        "saveJson": true,
        "consoleReporter": "spec",
        "useInlineDiffs": false,
        "code": true
      },
      "version": "7.1.3"
    },
    "marge": {
      "options": {
        "charts": true,
        "reportPageTitle": "Orange HRM Test result",
        "embeddedScreenshots": true,
        "inlineAssets": true,
        "saveAllAttempts": true,
        "overwrite": false,
        "html": false,
        "json": true,
        "reportDir": "cypress\\reports\\html\\.jsons"
      },
      "version": "6.2.0"
    }
  }
}