{
  "stats": {
    "suites": 1,
    "tests": 6,
    "passes": 5,
    "pending": 0,
    "failures": 1,
    "start": "2024-12-30T06:50:15.141Z",
    "end": "2024-12-30T06:51:02.732Z",
    "duration": 47591,
    "testsRegistered": 6,
    "passPercent": 83.33333333333334,
    "pendingPercent": 0,
    "other": 0,
    "hasOther": false,
    "skipped": 0,
    "hasSkipped": false
  },
  "results": [
    {
      "uuid": "7a5143b4-3a7c-4743-a184-b0278a718c08",
      "title": "",
      "fullFile": "cypress\\e2e\\smoketest\\writeFile.cy.js",
      "file": "cypress\\e2e\\smoketest\\writeFile.cy.js",
      "beforeHooks": [],
      "afterHooks": [],
      "tests": [],
      "suites": [
        {
          "uuid": "4fd5c23f-6acf-4b70-9588-46e7beb2abf1",
          "title": "Write file",
          "fullFile": "",
          "file": "",
          "beforeHooks": [],
          "afterHooks": [],
          "tests": [
            {
              "title": "Writefile example",
              "fullTitle": "Write file Writefile example",
              "timedOut": null,
              "duration": 46,
              "state": "passed",
              "speed": "fast",
              "pass": true,
              "fail": false,
              "pending": false,
              "context": "{\n  \"title\": \"cypress-mochawesome-reporter-videos-passed\",\n  \"value\": \"cypress\\\\e2e\\\\smoketest\\\\writeFile.cy.js\"\n}",
              "code": "cy.writeFile('cypress/fixtures/Buzz/text.txt', \"Dhanu\\n\");\ncy.writeFile('cypress/fixtures/Buzz/text.txt', \"Dhananjay\\n\");\ncy.writeFile('cypress/fixtures/Buzz/text.txt', \"dhanu\\n\", {\n  flag: 'a+'\n});",
              "err": {},
              "uuid": "b434e52a-257c-4788-985c-3ca4e83cf0b9",
              "parentUUID": "4fd5c23f-6acf-4b70-9588-46e7beb2abf1",
              "isHook": false,
              "skipped": false
            },
            {
              "title": "Sample test 2",
              "fullTitle": "Write file Sample test 2",
              "timedOut": null,
              "duration": 25667,
              "state": "passed",
              "speed": "slow",
              "pass": true,
              "fail": false,
              "pending": false,
              "context": "{\n  \"title\": \"cypress-mochawesome-reporter-videos-passed\",\n  \"value\": \"cypress\\\\e2e\\\\smoketest\\\\writeFile.cy.js\"\n}",
              "code": "cy.visit('/web/index.php/auth/login');\ncy.get('p[class=\"oxd-text oxd-text--p\"]').first().then(txt => {\n  var usertext = txt.text();\n  cy.writeFile('cypress/fixtures/Buzz/creds.txt', usertext + \"\\n\");\n});\ncy.get('p[class=\"oxd-text oxd-text--p\"]').last().then(txt => {\n  var passwordtext = txt.text();\n  cy.writeFile('cypress/fixtures/Buzz/creds.txt', passwordtext, {\n    flag: 'a+'\n  });\n});",
              "err": {},
              "uuid": "da4321a1-4e62-4d87-bb2a-1fa9f86d55e9",
              "parentUUID": "4fd5c23f-6acf-4b70-9588-46e7beb2abf1",
              "isHook": false,
              "skipped": false
            },
            {
              "title": "To create Json file",
              "fullTitle": "Write file To create Json file",
              "timedOut": null,
              "duration": 17,
              "state": "passed",
              "speed": "fast",
              "pass": true,
              "fail": false,
              "pending": false,
              "context": "{\n  \"title\": \"cypress-mochawesome-reporter-videos-passed\",\n  \"value\": \"cypress\\\\e2e\\\\smoketest\\\\writeFile.cy.js\"\n}",
              "code": "cy.writeFile('cypress/fixtures/Buzz/test6.json', {\n  'firstname': 'Raju',\n  'lastname': 'G'\n});",
              "err": {},
              "uuid": "868fa021-47ea-4617-bc8a-e085934b01f0",
              "parentUUID": "4fd5c23f-6acf-4b70-9588-46e7beb2abf1",
              "isHook": false,
              "skipped": false
            },
            {
              "title": "Extract text and saving into json file",
              "fullTitle": "Write file Extract text and saving into json file",
              "timedOut": null,
              "duration": 21192,
              "state": "failed",
              "speed": null,
              "pass": false,
              "fail": true,
              "pending": false,
              "context": "{\n  \"title\": \"cypress-mochawesome-reporter-videos-failed\",\n  \"value\": \"cypress\\\\e2e\\\\smoketest\\\\writeFile.cy.js\"\n}",
              "code": "cy.visit('/web/index.php/auth/login');\ncy.get('p[class=\"oxd-text oxd-text--p orangehrm-login-forgot-header\"]').then(txt => {\n  var textvalue = txt.text();\n  cy.writeFile('cypress/fixtures/Buzz/exrat.txt', textvalue);\n  cy.readFile('cypress/fixtures/Buzz/test6.json').then(data => {\n    data.newkey = {\n      'extractedtext': textvalue\n    };\n    cy.writeFile('cypress/fixtures/Buzz/test6.json', JSON.stringify(data));\n  });\n});",
              "err": {
                "message": "CypressError: `cy.visit()` failed trying to load:\n\nhttps://opensource-demo.orangehrmlive.com/web/index.php/auth/login\n\nWe attempted to make an http request to this URL but the request failed without a response.\n\nWe received this error at the network level:\n\n  > Error: connect ETIMEDOUT 34.205.40.6:443\n\nCommon situations why this would fail:\n  - you don't have internet access\n  - you forgot to run / boot your web server\n  - your web server isn't accessible\n  - you have weird network configuration settings on your computer",
                "estack": "CypressError: `cy.visit()` failed trying to load:\n\nhttps://opensource-demo.orangehrmlive.com/web/index.php/auth/login\n\nWe attempted to make an http request to this URL but the request failed without a response.\n\nWe received this error at the network level:\n\n  > Error: connect ETIMEDOUT 34.205.40.6:443\n\nCommon situations why this would fail:\n  - you don't have internet access\n  - you forgot to run / boot your web server\n  - your web server isn't accessible\n  - you have weird network configuration settings on your computer\n    at <unknown> (https://opensource-demo.orangehrmlive.com/__cypress/runner/cypress_runner.js:131650:74)\n    at visitFailedByErr (https://opensource-demo.orangehrmlive.com/__cypress/runner/cypress_runner.js:131049:12)\n    at <unknown> (https://opensource-demo.orangehrmlive.com/__cypress/runner/cypress_runner.js:131649:11)\n    at tryCatcher (https://opensource-demo.orangehrmlive.com/__cypress/runner/cypress_runner.js:1807:23)\n    at Promise._settlePromiseFromHandler (https://opensource-demo.orangehrmlive.com/__cypress/runner/cypress_runner.js:1519:31)\n    at Promise._settlePromise (https://opensource-demo.orangehrmlive.com/__cypress/runner/cypress_runner.js:1576:18)\n    at Promise._settlePromise0 (https://opensource-demo.orangehrmlive.com/__cypress/runner/cypress_runner.js:1621:10)\n    at Promise._settlePromises (https://opensource-demo.orangehrmlive.com/__cypress/runner/cypress_runner.js:1697:18)\n    at _drainQueueStep (https://opensource-demo.orangehrmlive.com/__cypress/runner/cypress_runner.js:2407:12)\n    at _drainQueue (https://opensource-demo.orangehrmlive.com/__cypress/runner/cypress_runner.js:2400:9)\n    at Async._drainQueues (https://opensource-demo.orangehrmlive.com/__cypress/runner/cypress_runner.js:2416:5)\n    at Async.drainQueues (https://opensource-demo.orangehrmlive.com/__cypress/runner/cypress_runner.js:2286:14)\nFrom Your Spec Code:\n    at Context.eval (webpack://cypressautomation/./cypress/e2e/smoketest/writeFile.cy.js:23:11)\n\nFrom Node.js Internals:\n  Error: connect ETIMEDOUT 34.205.40.6:443\n      at TCPConnectWrap.afterConnect [as oncomplete] (node:net:1495:16)",
                "diff": null
              },
              "uuid": "bc6ab998-e06e-4af7-ad02-5463c3cc1ef0",
              "parentUUID": "4fd5c23f-6acf-4b70-9588-46e7beb2abf1",
              "isHook": false,
              "skipped": false
            },
            {
              "title": "Validation of both textfile and Json file",
              "fullTitle": "Write file Validation of both textfile and Json file",
              "timedOut": null,
              "duration": 61,
              "state": "passed",
              "speed": "fast",
              "pass": true,
              "fail": false,
              "pending": false,
              "context": "{\n  \"title\": \"cypress-mochawesome-reporter-videos-passed\",\n  \"value\": \"cypress\\\\e2e\\\\smoketest\\\\writeFile.cy.js\"\n}",
              "code": "cy.readFile('cypress/fixtures/PIM/addemployee.json').its('firstname').should('eq', 'Raju');\ncy.readFile('cypress/fixtures/PIM/addemployee.json').its('lastname').should('eq', 'G');",
              "err": {},
              "uuid": "59e60c16-601a-4686-9df0-1996d00ed265",
              "parentUUID": "4fd5c23f-6acf-4b70-9588-46e7beb2abf1",
              "isHook": false,
              "skipped": false
            },
            {
              "title": "To verify file is exist or not",
              "fullTitle": "Write file To verify file is exist or not",
              "timedOut": null,
              "duration": 82,
              "state": "passed",
              "speed": "fast",
              "pass": true,
              "fail": false,
              "pending": false,
              "context": "{\n  \"title\": \"cypress-mochawesome-reporter-videos-passed\",\n  \"value\": \"cypress\\\\e2e\\\\smoketest\\\\writeFile.cy.js\"\n}",
              "code": "cy.readFile('cypress/fixtures/Admin/addjobtitle.json').should('exist');\ncy.readFile('cypress/fixtures/Admin/addjobtitle.json').its('jobtitle').should('eq', 'SDET 1');\ncy.readFile('cypress/fixtures/Admin/addjobtitle.json').its('jobdescription').should('eq', 'Automation Testing');",
              "err": {},
              "uuid": "48d53ef5-7176-4487-b68e-56bb5e25c17a",
              "parentUUID": "4fd5c23f-6acf-4b70-9588-46e7beb2abf1",
              "isHook": false,
              "skipped": false
            }
          ],
          "suites": [],
          "passes": [
            "b434e52a-257c-4788-985c-3ca4e83cf0b9",
            "da4321a1-4e62-4d87-bb2a-1fa9f86d55e9",
            "868fa021-47ea-4617-bc8a-e085934b01f0",
            "59e60c16-601a-4686-9df0-1996d00ed265",
            "48d53ef5-7176-4487-b68e-56bb5e25c17a"
          ],
          "failures": [
            "bc6ab998-e06e-4af7-ad02-5463c3cc1ef0"
          ],
          "pending": [],
          "skipped": [],
          "duration": 47065,
          "root": false,
          "rootEmpty": false,
          "_timeout": 2000
        }
      ],
      "passes": [],
      "failures": [],
      "pending": [],
      "skipped": [],
      "duration": 0,
      "root": true,
      "rootEmpty": true,
      "_timeout": 2000
    }
  ],
  "meta": {
    "mocha": {
      "version": "7.0.1"
    },
    "mochawesome": {
      "options": {
        "quiet": false,
        "reportFilename": "mochawesome",
        "saveHtml": false,
        "saveJson": true,
        "consoleReporter": "spec",
        "useInlineDiffs": false,
        "code": true
      },
      "version": "7.1.3"
    },
    "marge": {
      "options": {
        "charts": true,
        "reportPageTitle": "Orange HRM Test result",
        "embeddedScreenshots": true,
        "inlineAssets": true,
        "saveAllAttempts": true,
        "overwrite": false,
        "html": false,
        "json": true,
        "reportDir": "cypress\\reports\\html\\.jsons"
      },
      "version": "6.2.0"
    }
  }
}